  Robot.cpp
c:\users\admin\source\repos\consoleapplication1\consoleapplication1\robot.cpp(15): warning C4244: '=': conversion from 'int' to 'float', possible loss of data
c:\users\admin\source\repos\consoleapplication1\consoleapplication1\robot.cpp(16): warning C4244: '=': conversion from 'int' to 'float', possible loss of data
c:\users\admin\source\repos\consoleapplication1\consoleapplication1\robot.cpp(29): warning C4244: '=': conversion from 'double' to 'float', possible loss of data
c:\users\admin\source\repos\consoleapplication1\consoleapplication1\robot.cpp(34): warning C4244: '=': conversion from 'double' to 'float', possible loss of data
c:\users\admin\source\repos\consoleapplication1\consoleapplication1\robot.cpp(35): warning C4244: '=': conversion from 'double' to 'float', possible loss of data
c:\users\admin\source\repos\consoleapplication1\consoleapplication1\robot.cpp(74): warning C4244: 'argument': conversion from '_Ty2' to 'float', possible loss of data
          with
          [
              _Ty2=int
          ]
c:\users\admin\source\repos\consoleapplication1\consoleapplication1\robot.cpp(74): warning C4244: 'argument': conversion from '_Ty1' to 'float', possible loss of data
          with
          [
              _Ty1=int
          ]
c:\users\admin\source\repos\consoleapplication1\consoleapplication1\robot.cpp(97): warning C4244: 'return': conversion from 'double' to 'float', possible loss of data
c:\users\admin\source\repos\consoleapplication1\consoleapplication1\robot.cpp(111): warning C4244: 'return': conversion from 'double' to 'float', possible loss of data
c:\users\admin\source\repos\consoleapplication1\consoleapplication1\robot.cpp(128): warning C4244: '+=': conversion from 'double' to 'float', possible loss of data
c:\users\admin\source\repos\consoleapplication1\consoleapplication1\robot.cpp(141): warning C4244: 'return': conversion from 'double' to 'float', possible loss of data
  ConsoleApplication1.vcxproj -> C:\Users\Admin\source\repos\ConsoleApplication1\Debug\ConsoleApplication1.exe
